<?xml version="1.0" encoding="UTF-8"?>
<testsuite name="com.service.UserServiceTest" tests="1" skipped="0" failures="0" errors="0" timestamp="2021-04-02T14:59:33" hostname="LAPTOP-I6JP2G7V" time="1.313">
  <properties/>
  <testcase name="verifyLoginTest()" classname="com.service.UserServiceTest" time="1.313"/>
  <system-out><![CDATA[]]></system-out>
  <system-err><![CDATA[]]></system-err>
</testsuite>
